{"C:\\xampp\\htdocs\\WenLock-Test\\backend\\src\\app.controller.ts": {"path":"C:\\xampp\\htdocs\\WenLock-Test\\backend\\src\\app.controller.ts","statementMap":{"0":{"start":{"line":1,"column":0},"end":{"line":1,"column":49}},"1":{"start":{"line":2,"column":0},"end":{"line":2,"column":43}},"2":{"start":{"line":5,"column":7},"end":{"line":12,"column":null}},"3":{"start":{"line":6,"column":31},"end":{"line":6,"column":43}},"4":{"start":{"line":10,"column":4},"end":{"line":10,"column":38}},"5":{"start":{"line":5,"column":13},"end":{"line":5,"column":26}},"6":{"start":{"line":9,"column":2},"end":{"line":11,"column":null}},"7":{"start":{"line":5,"column":13},"end":{"line":12,"column":null}}},"fnMap":{"0":{"name":"(anonymous_2)","decl":{"start":{"line":6,"column":2},"end":{"line":6,"column":31}},"loc":{"start":{"line":6,"column":53},"end":{"line":6,"column":57}}},"1":{"name":"(anonymous_3)","decl":{"start":{"line":9,"column":2},"end":{"line":9,"column":10}},"loc":{"start":{"line":9,"column":10},"end":{"line":11,"column":3}}}},"branchMap":{"0":{"loc":{"start":{"line":6,"column":43},"end":{"line":6,"column":56}},"type":"cond-expr","locations":[{"start":{"line":6,"column":53},"end":{"line":6,"column":56}},{"start":{"line":6,"column":53},"end":{"line":6,"column":56}}]},"1":{"loc":{"start":{"line":6,"column":43},"end":{"line":6,"column":53}},"type":"binary-expr","locations":[{"start":{"line":6,"column":43},"end":{"line":6,"column":56}},{"start":{"line":6,"column":43},"end":{"line":6,"column":53}}]}},"s":{"0":1,"1":1,"2":1,"3":1,"4":1,"5":1,"6":1,"7":1},"f":{"0":1,"1":1},"b":{"0":[1,0],"1":[1,1]}}
,"C:\\xampp\\htdocs\\WenLock-Test\\backend\\src\\app.module.ts": {"path":"C:\\xampp\\htdocs\\WenLock-Test\\backend\\src\\app.module.ts","statementMap":{"0":{"start":{"line":1,"column":0},"end":{"line":1,"column":40}},"1":{"start":{"line":2,"column":0},"end":{"line":2,"column":61}},"2":{"start":{"line":3,"column":0},"end":{"line":3,"column":48}},"3":{"start":{"line":4,"column":0},"end":{"line":4,"column":27}},"4":{"start":{"line":6,"column":0},"end":{"line":6,"column":49}},"5":{"start":{"line":7,"column":0},"end":{"line":7,"column":43}},"6":{"start":{"line":8,"column":0},"end":{"line":8,"column":51}},"7":{"start":{"line":51,"column":7},"end":{"line":51,"column":null}},"8":{"start":{"line":51,"column":13},"end":{"line":51,"column":22}},"9":{"start":{"line":51,"column":13},"end":{"line":51,"column":null}},"10":{"start":{"line":29,"column":53},"end":{"line":42,"column":8}}},"fnMap":{"0":{"name":"(anonymous_10)","decl":{"start":{"line":29,"column":18},"end":{"line":29,"column":19}},"loc":{"start":{"line":29,"column":53},"end":{"line":42,"column":8}}}},"branchMap":{},"s":{"0":0,"1":0,"2":0,"3":0,"4":0,"5":0,"6":0,"7":0,"8":0,"9":0,"10":0},"f":{"0":0},"b":{}}
,"C:\\xampp\\htdocs\\WenLock-Test\\backend\\src\\app.service.ts": {"path":"C:\\xampp\\htdocs\\WenLock-Test\\backend\\src\\app.service.ts","statementMap":{"0":{"start":{"line":1,"column":0},"end":{"line":1,"column":44}},"1":{"start":{"line":4,"column":7},"end":{"line":8,"column":null}},"2":{"start":{"line":6,"column":4},"end":{"line":6,"column":26}},"3":{"start":{"line":4,"column":13},"end":{"line":4,"column":23}},"4":{"start":{"line":4,"column":13},"end":{"line":8,"column":null}}},"fnMap":{"0":{"name":"(anonymous_1)","decl":{"start":{"line":5,"column":2},"end":{"line":5,"column":10}},"loc":{"start":{"line":5,"column":10},"end":{"line":7,"column":3}}}},"branchMap":{},"s":{"0":1,"1":1,"2":1,"3":1,"4":1},"f":{"0":1},"b":{}}
,"C:\\xampp\\htdocs\\WenLock-Test\\backend\\src\\main.ts": {"path":"C:\\xampp\\htdocs\\WenLock-Test\\backend\\src\\main.ts","statementMap":{"0":{"start":{"line":1,"column":0},"end":{"line":1,"column":null}},"1":{"start":{"line":4,"column":0},"end":{"line":4,"column":47}},"2":{"start":{"line":5,"column":0},"end":{"line":5,"column":43}},"3":{"start":{"line":7,"column":0},"end":{"line":7,"column":41}},"4":{"start":{"line":10,"column":14},"end":{"line":10,"column":49}},"5":{"start":{"line":12,"column":2},"end":{"line":12,"column":29}},"6":{"start":{"line":14,"column":2},"end":{"line":20,"column":4}},"7":{"start":{"line":22,"column":24},"end":{"line":22,"column":46}},"8":{"start":{"line":23,"column":15},"end":{"line":23,"column":55}},"9":{"start":{"line":25,"column":2},"end":{"line":25,"column":25}},"10":{"start":{"line":28,"column":0},"end":{"line":28,"column":17}}},"fnMap":{"0":{"name":"bootstrap","decl":{"start":{"line":9,"column":15},"end":{"line":9,"column":24}},"loc":{"start":{"line":9,"column":24},"end":{"line":26,"column":1}}}},"branchMap":{},"s":{"0":0,"1":0,"2":0,"3":0,"4":0,"5":0,"6":0,"7":0,"8":0,"9":0,"10":0},"f":{"0":0},"b":{}}
,"C:\\xampp\\htdocs\\WenLock-Test\\backend\\src\\database\\data-source.ts": {"path":"C:\\xampp\\htdocs\\WenLock-Test\\backend\\src\\database\\data-source.ts","statementMap":{"0":{"start":{"line":1,"column":0},"end":{"line":1,"column":23}},"1":{"start":{"line":2,"column":0},"end":{"line":2,"column":37}},"2":{"start":{"line":4,"column":0},"end":{"line":4,"column":53}},"3":{"start":{"line":6,"column":0},"end":{"line":20,"column":3}}},"fnMap":{},"branchMap":{"0":{"loc":{"start":{"line":10,"column":17},"end":{"line":10,"column":44}},"type":"binary-expr","locations":[{"start":{"line":10,"column":17},"end":{"line":10,"column":36}},{"start":{"line":10,"column":40},"end":{"line":10,"column":44}}]}},"s":{"0":0,"1":0,"2":0,"3":0},"f":{},"b":{"0":[0,0]}}
,"C:\\xampp\\htdocs\\WenLock-Test\\backend\\src\\database\\migrations\\1788200265635-CreateUsersTable.ts": {"path":"C:\\xampp\\htdocs\\WenLock-Test\\backend\\src\\database\\migrations\\1788200265635-CreateUsersTable.ts","statementMap":{"0":{"start":{"line":4,"column":11},"end":{"line":4,"column":42}},"1":{"start":{"line":7,"column":8},"end":{"line":7,"column":552}},"2":{"start":{"line":11,"column":8},"end":{"line":11,"column":85}},"3":{"start":{"line":12,"column":8},"end":{"line":12,"column":78}},"4":{"start":{"line":13,"column":8},"end":{"line":13,"column":56}},"5":{"start":{"line":3,"column":0},"end":{"line":3,"column":13}}},"fnMap":{"0":{"name":"(anonymous_0)","decl":{"start":{"line":6,"column":11},"end":{"line":6,"column":16}},"loc":{"start":{"line":6,"column":44},"end":{"line":8,"column":5}}},"1":{"name":"(anonymous_1)","decl":{"start":{"line":10,"column":11},"end":{"line":10,"column":16}},"loc":{"start":{"line":10,"column":46},"end":{"line":14,"column":5}}}},"branchMap":{},"s":{"0":0,"1":0,"2":0,"3":0,"4":0,"5":0},"f":{"0":0,"1":0},"b":{}}
,"C:\\xampp\\htdocs\\WenLock-Test\\backend\\src\\users\\users.controller.ts": {"path":"C:\\xampp\\htdocs\\WenLock-Test\\backend\\src\\users\\users.controller.ts","statementMap":{"0":{"start":{"line":1,"column":0},"end":{"line":1,"column":56}},"1":{"start":{"line":3,"column":0},"end":{"line":3,"column":54}},"2":{"start":{"line":5,"column":0},"end":{"line":5,"column":47}},"3":{"start":{"line":8,"column":7},"end":{"line":19,"column":null}},"4":{"start":{"line":10,"column":25},"end":{"line":10,"column":39}},"5":{"start":{"line":17,"column":8},"end":{"line":17,"column":55}},"6":{"start":{"line":8,"column":13},"end":{"line":8,"column":28}},"7":{"start":{"line":14,"column":4},"end":{"line":18,"column":null}},"8":{"start":{"line":8,"column":13},"end":{"line":19,"column":null}}},"fnMap":{"0":{"name":"(anonymous_4)","decl":{"start":{"line":9,"column":4},"end":{"line":9,"column":null}},"loc":{"start":{"line":10,"column":51},"end":{"line":11,"column":9}}},"1":{"name":"(anonymous_5)","decl":{"start":{"line":14,"column":4},"end":{"line":14,"column":10}},"loc":{"start":{"line":15,"column":44},"end":{"line":18,"column":5}}}},"branchMap":{"0":{"loc":{"start":{"line":15,"column":31},"end":{"line":15,"column":null}},"type":"cond-expr","locations":[{"start":{"line":15,"column":44},"end":{"line":15,"column":null}},{"start":{"line":15,"column":44},"end":{"line":15,"column":null}}]},"1":{"loc":{"start":{"line":15,"column":31},"end":{"line":15,"column":44}},"type":"binary-expr","locations":[{"start":{"line":15,"column":31},"end":{"line":15,"column":null}},{"start":{"line":15,"column":31},"end":{"line":15,"column":44}}]},"2":{"loc":{"start":{"line":16,"column":7},"end":{"line":16,"column":null}},"type":"cond-expr","locations":[{"start":{"line":16,"column":14},"end":{"line":16,"column":null}},{"start":{"line":16,"column":14},"end":{"line":16,"column":null}}]},"3":{"loc":{"start":{"line":16,"column":7},"end":{"line":16,"column":14}},"type":"binary-expr","locations":[{"start":{"line":16,"column":7},"end":{"line":16,"column":null}},{"start":{"line":16,"column":7},"end":{"line":16,"column":14}}]},"4":{"loc":{"start":{"line":10,"column":39},"end":{"line":10,"column":null}},"type":"cond-expr","locations":[{"start":{"line":10,"column":51},"end":{"line":10,"column":null}},{"start":{"line":10,"column":51},"end":{"line":10,"column":null}}]},"5":{"loc":{"start":{"line":10,"column":39},"end":{"line":10,"column":51}},"type":"binary-expr","locations":[{"start":{"line":10,"column":39},"end":{"line":10,"column":null}},{"start":{"line":10,"column":39},"end":{"line":10,"column":51}}]}},"s":{"0":0,"1":0,"2":0,"3":0,"4":0,"5":0,"6":0,"7":0,"8":0},"f":{"0":0,"1":0},"b":{"0":[0,0],"1":[0,0],"2":[0,0],"3":[0,0],"4":[0,0],"5":[0,0]}}
,"C:\\xampp\\htdocs\\WenLock-Test\\backend\\src\\users\\users.module.ts": {"path":"C:\\xampp\\htdocs\\WenLock-Test\\backend\\src\\users\\users.module.ts","statementMap":{"0":{"start":{"line":1,"column":0},"end":{"line":1,"column":40}},"1":{"start":{"line":2,"column":0},"end":{"line":2,"column":48}},"2":{"start":{"line":4,"column":0},"end":{"line":4,"column":46}},"3":{"start":{"line":5,"column":0},"end":{"line":5,"column":53}},"4":{"start":{"line":6,"column":0},"end":{"line":6,"column":47}},"5":{"start":{"line":19,"column":7},"end":{"line":19,"column":null}},"6":{"start":{"line":19,"column":13},"end":{"line":19,"column":24}},"7":{"start":{"line":19,"column":13},"end":{"line":19,"column":null}}},"fnMap":{},"branchMap":{},"s":{"0":0,"1":0,"2":0,"3":0,"4":0,"5":0,"6":0,"7":0},"f":{},"b":{}}
,"C:\\xampp\\htdocs\\WenLock-Test\\backend\\src\\users\\users.service.ts": {"path":"C:\\xampp\\htdocs\\WenLock-Test\\backend\\src\\users\\users.service.ts","statementMap":{"0":{"start":{"line":1,"column":0},"end":{"line":1,"column":null}},"1":{"start":{"line":5,"column":0},"end":{"line":5,"column":51}},"2":{"start":{"line":6,"column":0},"end":{"line":6,"column":30}},"3":{"start":{"line":7,"column":0},"end":{"line":7,"column":null}},"4":{"start":{"line":13,"column":0},"end":{"line":13,"column":58}},"5":{"start":{"line":14,"column":0},"end":{"line":14,"column":46}},"6":{"start":{"line":18,"column":49},"end":{"line":18,"column":51}},"7":{"start":{"line":22,"column":21},"end":{"line":22,"column":38}},"8":{"start":{"line":26,"column":25},"end":{"line":31,"column":6}},"9":{"start":{"line":33,"column":4},"end":{"line":39,"column":5}},"10":{"start":{"line":34,"column":6},"end":{"line":36,"column":7}},"11":{"start":{"line":35,"column":8},"end":{"line":35,"column":60}},"12":{"start":{"line":38,"column":6},"end":{"line":38,"column":61}},"13":{"start":{"line":41,"column":25},"end":{"line":43,"column":null}},"14":{"start":{"line":46,"column":17},"end":{"line":51,"column":6}},"15":{"start":{"line":53,"column":4},"end":{"line":65,"column":5}},"16":{"start":{"line":54,"column":24},"end":{"line":54,"column":61}},"17":{"start":{"line":56,"column":6},"end":{"line":56,"column":51}},"18":{"start":{"line":58,"column":6},"end":{"line":62,"column":7}},"19":{"start":{"line":59,"column":8},"end":{"line":61,"column":10}},"20":{"start":{"line":64,"column":6},"end":{"line":64,"column":18}},"21":{"start":{"line":69,"column":4},"end":{"line":71,"column":5}},"22":{"start":{"line":70,"column":6},"end":{"line":70,"column":19}},"23":{"start":{"line":73,"column":24},"end":{"line":73,"column":null}},"24":{"start":{"line":77,"column":4},"end":{"line":77,"column":48}},"25":{"start":{"line":17,"column":13},"end":{"line":17,"column":25}},"26":{"start":{"line":17,"column":13},"end":{"line":79,"column":null}}},"fnMap":{"0":{"name":"(anonymous_4)","decl":{"start":{"line":20,"column":2},"end":{"line":20,"column":null}},"loc":{"start":{"line":22,"column":54},"end":{"line":23,"column":6}}},"1":{"name":"(anonymous_5)","decl":{"start":{"line":25,"column":2},"end":{"line":25,"column":7}},"loc":{"start":{"line":25,"column":43},"end":{"line":66,"column":3}}},"2":{"name":"(anonymous_6)","decl":{"start":{"line":68,"column":10},"end":{"line":68,"column":31}},"loc":{"start":{"line":68,"column":46},"end":{"line":78,"column":3}}}},"branchMap":{"0":{"loc":{"start":{"line":33,"column":4},"end":{"line":39,"column":5}},"type":"if","locations":[{"start":{"line":33,"column":4},"end":{"line":39,"column":5}},{"start":{},"end":{}}]},"1":{"loc":{"start":{"line":34,"column":6},"end":{"line":36,"column":7}},"type":"if","locations":[{"start":{"line":34,"column":6},"end":{"line":36,"column":7}},{"start":{},"end":{}}]},"2":{"loc":{"start":{"line":58,"column":6},"end":{"line":62,"column":7}},"type":"if","locations":[{"start":{"line":58,"column":6},"end":{"line":62,"column":7}},{"start":{},"end":{}}]},"3":{"loc":{"start":{"line":69,"column":4},"end":{"line":71,"column":5}},"type":"if","locations":[{"start":{"line":69,"column":4},"end":{"line":71,"column":5}},{"start":{},"end":{}}]},"4":{"loc":{"start":{"line":22,"column":38},"end":{"line":22,"column":54}},"type":"cond-expr","locations":[{"start":{"line":22,"column":48},"end":{"line":22,"column":54}},{"start":{"line":22,"column":48},"end":{"line":22,"column":54}}]},"5":{"loc":{"start":{"line":22,"column":38},"end":{"line":22,"column":48}},"type":"binary-expr","locations":[{"start":{"line":22,"column":38},"end":{"line":22,"column":54}},{"start":{"line":22,"column":38},"end":{"line":22,"column":48}}]}},"s":{"0":1,"1":1,"2":1,"3":1,"4":1,"5":1,"6":1,"7":3,"8":3,"9":3,"10":2,"11":1,"12":1,"13":1,"14":1,"15":1,"16":1,"17":1,"18":0,"19":0,"20":0,"21":0,"22":0,"23":0,"24":0,"25":1,"26":1},"f":{"0":3,"1":3,"2":0},"b":{"0":[2,1],"1":[1,1],"2":[0,0],"3":[0,0],"4":[1,0],"5":[1,1]}}
,"C:\\xampp\\htdocs\\WenLock-Test\\backend\\src\\users\\dto\\create-user.dto.ts": {"path":"C:\\xampp\\htdocs\\WenLock-Test\\backend\\src\\users\\dto\\create-user.dto.ts","statementMap":{"0":{"start":{"line":1,"column":0},"end":{"line":1,"column":46}},"1":{"start":{"line":2,"column":0},"end":{"line":2,"column":null}},"2":{"start":{"line":11,"column":0},"end":{"line":11,"column":13}},"3":{"start":{"line":21,"column":4},"end":{"line":21,"column":null}},"4":{"start":{"line":13,"column":8},"end":{"line":13,"column":56}},"5":{"start":{"line":30,"column":4},"end":{"line":30,"column":null}},"6":{"start":{"line":24,"column":8},"end":{"line":24,"column":70}},"7":{"start":{"line":41,"column":4},"end":{"line":41,"column":null}},"8":{"start":{"line":33,"column":8},"end":{"line":33,"column":56}},"9":{"start":{"line":50,"column":4},"end":{"line":50,"column":null}}},"fnMap":{"0":{"name":"(anonymous_2)","decl":{"start":{"line":12,"column":15},"end":{"line":12,"column":16}},"loc":{"start":{"line":13,"column":8},"end":{"line":13,"column":56}}},"1":{"name":"(anonymous_3)","decl":{"start":{"line":23,"column":15},"end":{"line":23,"column":16}},"loc":{"start":{"line":24,"column":8},"end":{"line":24,"column":70}}},"2":{"name":"(anonymous_4)","decl":{"start":{"line":32,"column":15},"end":{"line":32,"column":16}},"loc":{"start":{"line":33,"column":8},"end":{"line":33,"column":56}}}},"branchMap":{"0":{"loc":{"start":{"line":13,"column":8},"end":{"line":13,"column":56}},"type":"cond-expr","locations":[{"start":{"line":13,"column":36},"end":{"line":13,"column":48}},{"start":{"line":13,"column":51},"end":{"line":13,"column":56}}]},"1":{"loc":{"start":{"line":24,"column":8},"end":{"line":24,"column":70}},"type":"cond-expr","locations":[{"start":{"line":24,"column":36},"end":{"line":24,"column":62}},{"start":{"line":24,"column":65},"end":{"line":24,"column":70}}]},"2":{"loc":{"start":{"line":33,"column":8},"end":{"line":33,"column":56}},"type":"cond-expr","locations":[{"start":{"line":33,"column":36},"end":{"line":33,"column":48}},{"start":{"line":33,"column":51},"end":{"line":33,"column":56}}]}},"s":{"0":1,"1":1,"2":1,"3":1,"4":7,"5":1,"6":7,"7":1,"8":7,"9":1},"f":{"0":7,"1":7,"2":7},"b":{"0":[7,0],"1":[7,0],"2":[7,0]}}
,"C:\\xampp\\htdocs\\WenLock-Test\\backend\\src\\users\\dto\\user-response.dto.ts": {"path":"C:\\xampp\\htdocs\\WenLock-Test\\backend\\src\\users\\dto\\user-response.dto.ts","statementMap":{"0":{"start":{"line":12,"column":8},"end":{"line":19,"column":10}},"1":{"start":{"line":3,"column":0},"end":{"line":3,"column":13}}},"fnMap":{"0":{"name":"(anonymous_0)","decl":{"start":{"line":11,"column":4},"end":{"line":11,"column":10}},"loc":{"start":{"line":11,"column":32},"end":{"line":20,"column":5}}}},"branchMap":{},"s":{"0":1,"1":1},"f":{"0":1},"b":{}}
,"C:\\xampp\\htdocs\\WenLock-Test\\backend\\src\\users\\entities\\user.entity.ts": {"path":"C:\\xampp\\htdocs\\WenLock-Test\\backend\\src\\users\\entities\\user.entity.ts","statementMap":{"0":{"start":{"line":1,"column":0},"end":{"line":1,"column":null}},"1":{"start":{"line":10,"column":7},"end":{"line":56,"column":null}},"2":{"start":{"line":10,"column":13},"end":{"line":10,"column":17}},"3":{"start":{"line":15,"column":4},"end":{"line":15,"column":null}},"4":{"start":{"line":21,"column":4},"end":{"line":21,"column":null}},"5":{"start":{"line":28,"column":4},"end":{"line":28,"column":null}},"6":{"start":{"line":35,"column":4},"end":{"line":35,"column":null}},"7":{"start":{"line":43,"column":4},"end":{"line":43,"column":null}},"8":{"start":{"line":49,"column":4},"end":{"line":49,"column":null}},"9":{"start":{"line":55,"column":4},"end":{"line":55,"column":null}},"10":{"start":{"line":10,"column":13},"end":{"line":56,"column":null}}},"fnMap":{},"branchMap":{"0":{"loc":{"start":{"line":49,"column":15},"end":{"line":49,"column":20}},"type":"cond-expr","locations":[{"start":{"line":49,"column":19},"end":{"line":49,"column":20}},{"start":{"line":49,"column":19},"end":{"line":49,"column":20}}]},"1":{"loc":{"start":{"line":49,"column":15},"end":{"line":49,"column":19}},"type":"binary-expr","locations":[{"start":{"line":49,"column":15},"end":{"line":49,"column":20}},{"start":{"line":49,"column":15},"end":{"line":49,"column":19}}]},"2":{"loc":{"start":{"line":55,"column":15},"end":{"line":55,"column":20}},"type":"cond-expr","locations":[{"start":{"line":55,"column":19},"end":{"line":55,"column":20}},{"start":{"line":55,"column":19},"end":{"line":55,"column":20}}]},"3":{"loc":{"start":{"line":55,"column":15},"end":{"line":55,"column":19}},"type":"binary-expr","locations":[{"start":{"line":55,"column":15},"end":{"line":55,"column":20}},{"start":{"line":55,"column":15},"end":{"line":55,"column":19}}]}},"s":{"0":1,"1":1,"2":1,"3":1,"4":1,"5":1,"6":1,"7":1,"8":1,"9":1,"10":1},"f":{},"b":{"0":[1,0],"1":[1,1],"2":[1,0],"3":[1,1]}}
}
