{"C:\\xampp\\htdocs\\WenLock-Test\\backend\\src\\app.controller.ts": {"path":"C:\\xampp\\htdocs\\WenLock-Test\\backend\\src\\app.controller.ts","statementMap":{"0":{"start":{"line":1,"column":0},"end":{"line":1,"column":49}},"1":{"start":{"line":2,"column":0},"end":{"line":2,"column":43}},"2":{"start":{"line":5,"column":7},"end":{"line":12,"column":null}},"3":{"start":{"line":6,"column":31},"end":{"line":6,"column":43}},"4":{"start":{"line":10,"column":4},"end":{"line":10,"column":38}},"5":{"start":{"line":5,"column":13},"end":{"line":5,"column":26}},"6":{"start":{"line":9,"column":2},"end":{"line":11,"column":null}},"7":{"start":{"line":5,"column":13},"end":{"line":12,"column":null}}},"fnMap":{"0":{"name":"(anonymous_2)","decl":{"start":{"line":6,"column":2},"end":{"line":6,"column":31}},"loc":{"start":{"line":6,"column":53},"end":{"line":6,"column":57}}},"1":{"name":"(anonymous_3)","decl":{"start":{"line":9,"column":2},"end":{"line":9,"column":10}},"loc":{"start":{"line":9,"column":10},"end":{"line":11,"column":3}}}},"branchMap":{"0":{"loc":{"start":{"line":6,"column":43},"end":{"line":6,"column":56}},"type":"cond-expr","locations":[{"start":{"line":6,"column":53},"end":{"line":6,"column":56}},{"start":{"line":6,"column":53},"end":{"line":6,"column":56}}]},"1":{"loc":{"start":{"line":6,"column":43},"end":{"line":6,"column":53}},"type":"binary-expr","locations":[{"start":{"line":6,"column":43},"end":{"line":6,"column":56}},{"start":{"line":6,"column":43},"end":{"line":6,"column":53}}]}},"s":{"0":1,"1":1,"2":1,"3":1,"4":1,"5":1,"6":1,"7":1},"f":{"0":1,"1":1},"b":{"0":[1,0],"1":[1,1]}}
,"C:\\xampp\\htdocs\\WenLock-Test\\backend\\src\\app.module.ts": {"path":"C:\\xampp\\htdocs\\WenLock-Test\\backend\\src\\app.module.ts","statementMap":{"0":{"start":{"line":1,"column":0},"end":{"line":1,"column":40}},"1":{"start":{"line":2,"column":0},"end":{"line":2,"column":61}},"2":{"start":{"line":3,"column":0},"end":{"line":3,"column":48}},"3":{"start":{"line":4,"column":0},"end":{"line":4,"column":27}},"4":{"start":{"line":6,"column":0},"end":{"line":6,"column":49}},"5":{"start":{"line":7,"column":0},"end":{"line":7,"column":43}},"6":{"start":{"line":8,"column":0},"end":{"line":8,"column":51}},"7":{"start":{"line":51,"column":7},"end":{"line":51,"column":null}},"8":{"start":{"line":51,"column":13},"end":{"line":51,"column":22}},"9":{"start":{"line":51,"column":13},"end":{"line":51,"column":null}},"10":{"start":{"line":29,"column":53},"end":{"line":42,"column":8}}},"fnMap":{"0":{"name":"(anonymous_10)","decl":{"start":{"line":29,"column":18},"end":{"line":29,"column":19}},"loc":{"start":{"line":29,"column":53},"end":{"line":42,"column":8}}}},"branchMap":{},"s":{"0":0,"1":0,"2":0,"3":0,"4":0,"5":0,"6":0,"7":0,"8":0,"9":0,"10":0},"f":{"0":0},"b":{}}
,"C:\\xampp\\htdocs\\WenLock-Test\\backend\\src\\app.service.ts": {"path":"C:\\xampp\\htdocs\\WenLock-Test\\backend\\src\\app.service.ts","statementMap":{"0":{"start":{"line":1,"column":0},"end":{"line":1,"column":44}},"1":{"start":{"line":4,"column":7},"end":{"line":8,"column":null}},"2":{"start":{"line":6,"column":4},"end":{"line":6,"column":26}},"3":{"start":{"line":4,"column":13},"end":{"line":4,"column":23}},"4":{"start":{"line":4,"column":13},"end":{"line":8,"column":null}}},"fnMap":{"0":{"name":"(anonymous_1)","decl":{"start":{"line":5,"column":2},"end":{"line":5,"column":10}},"loc":{"start":{"line":5,"column":10},"end":{"line":7,"column":3}}}},"branchMap":{},"s":{"0":1,"1":1,"2":1,"3":1,"4":1},"f":{"0":1},"b":{}}
,"C:\\xampp\\htdocs\\WenLock-Test\\backend\\src\\main.ts": {"path":"C:\\xampp\\htdocs\\WenLock-Test\\backend\\src\\main.ts","statementMap":{"0":{"start":{"line":1,"column":0},"end":{"line":1,"column":null}},"1":{"start":{"line":4,"column":0},"end":{"line":4,"column":47}},"2":{"start":{"line":5,"column":0},"end":{"line":5,"column":43}},"3":{"start":{"line":7,"column":0},"end":{"line":7,"column":41}},"4":{"start":{"line":10,"column":14},"end":{"line":10,"column":49}},"5":{"start":{"line":12,"column":2},"end":{"line":12,"column":29}},"6":{"start":{"line":14,"column":2},"end":{"line":20,"column":4}},"7":{"start":{"line":22,"column":24},"end":{"line":22,"column":46}},"8":{"start":{"line":23,"column":15},"end":{"line":23,"column":55}},"9":{"start":{"line":25,"column":2},"end":{"line":25,"column":25}},"10":{"start":{"line":28,"column":0},"end":{"line":28,"column":17}}},"fnMap":{"0":{"name":"bootstrap","decl":{"start":{"line":9,"column":15},"end":{"line":9,"column":24}},"loc":{"start":{"line":9,"column":24},"end":{"line":26,"column":1}}}},"branchMap":{},"s":{"0":0,"1":0,"2":0,"3":0,"4":0,"5":0,"6":0,"7":0,"8":0,"9":0,"10":0},"f":{"0":0},"b":{}}
,"C:\\xampp\\htdocs\\WenLock-Test\\backend\\src\\database\\data-source.ts": {"path":"C:\\xampp\\htdocs\\WenLock-Test\\backend\\src\\database\\data-source.ts","statementMap":{"0":{"start":{"line":1,"column":0},"end":{"line":1,"column":23}},"1":{"start":{"line":2,"column":0},"end":{"line":2,"column":37}},"2":{"start":{"line":4,"column":0},"end":{"line":4,"column":53}},"3":{"start":{"line":6,"column":0},"end":{"line":20,"column":3}}},"fnMap":{},"branchMap":{"0":{"loc":{"start":{"line":10,"column":17},"end":{"line":10,"column":44}},"type":"binary-expr","locations":[{"start":{"line":10,"column":17},"end":{"line":10,"column":36}},{"start":{"line":10,"column":40},"end":{"line":10,"column":44}}]}},"s":{"0":0,"1":0,"2":0,"3":0},"f":{},"b":{"0":[0,0]}}
,"C:\\xampp\\htdocs\\WenLock-Test\\backend\\src\\database\\migrations\\1788200265635-CreateUsersTable.ts": {"path":"C:\\xampp\\htdocs\\WenLock-Test\\backend\\src\\database\\migrations\\1788200265635-CreateUsersTable.ts","statementMap":{"0":{"start":{"line":4,"column":11},"end":{"line":4,"column":42}},"1":{"start":{"line":7,"column":8},"end":{"line":7,"column":552}},"2":{"start":{"line":11,"column":8},"end":{"line":11,"column":85}},"3":{"start":{"line":12,"column":8},"end":{"line":12,"column":78}},"4":{"start":{"line":13,"column":8},"end":{"line":13,"column":56}},"5":{"start":{"line":3,"column":0},"end":{"line":3,"column":13}}},"fnMap":{"0":{"name":"(anonymous_0)","decl":{"start":{"line":6,"column":11},"end":{"line":6,"column":16}},"loc":{"start":{"line":6,"column":44},"end":{"line":8,"column":5}}},"1":{"name":"(anonymous_1)","decl":{"start":{"line":10,"column":11},"end":{"line":10,"column":16}},"loc":{"start":{"line":10,"column":46},"end":{"line":14,"column":5}}}},"branchMap":{},"s":{"0":0,"1":0,"2":0,"3":0,"4":0,"5":0},"f":{"0":0,"1":0},"b":{}}
,"C:\\xampp\\htdocs\\WenLock-Test\\backend\\src\\users\\users.controller.ts": {"path":"C:\\xampp\\htdocs\\WenLock-Test\\backend\\src\\users\\users.controller.ts","statementMap":{"0":{"start":{"line":1,"column":0},"end":{"line":1,"column":null}},"1":{"start":{"line":9,"column":0},"end":{"line":9,"column":54}},"2":{"start":{"line":11,"column":0},"end":{"line":11,"column":63}},"3":{"start":{"line":14,"column":0},"end":{"line":14,"column":47}},"4":{"start":{"line":17,"column":7},"end":{"line":35,"column":null}},"5":{"start":{"line":19,"column":25},"end":{"line":19,"column":39}},"6":{"start":{"line":26,"column":8},"end":{"line":26,"column":55}},"7":{"start":{"line":33,"column":8},"end":{"line":33,"column":48}},"8":{"start":{"line":17,"column":13},"end":{"line":17,"column":28}},"9":{"start":{"line":23,"column":4},"end":{"line":27,"column":null}},"10":{"start":{"line":30,"column":4},"end":{"line":34,"column":null}},"11":{"start":{"line":17,"column":13},"end":{"line":35,"column":null}}},"fnMap":{"0":{"name":"(anonymous_4)","decl":{"start":{"line":18,"column":4},"end":{"line":18,"column":null}},"loc":{"start":{"line":19,"column":51},"end":{"line":20,"column":9}}},"1":{"name":"(anonymous_5)","decl":{"start":{"line":23,"column":4},"end":{"line":23,"column":10}},"loc":{"start":{"line":24,"column":44},"end":{"line":27,"column":5}}},"2":{"name":"(anonymous_6)","decl":{"start":{"line":30,"column":4},"end":{"line":30,"column":11}},"loc":{"start":{"line":31,"column":41},"end":{"line":34,"column":5}}}},"branchMap":{"0":{"loc":{"start":{"line":24,"column":31},"end":{"line":24,"column":null}},"type":"cond-expr","locations":[{"start":{"line":24,"column":44},"end":{"line":24,"column":null}},{"start":{"line":24,"column":44},"end":{"line":24,"column":null}}]},"1":{"loc":{"start":{"line":24,"column":31},"end":{"line":24,"column":44}},"type":"binary-expr","locations":[{"start":{"line":24,"column":31},"end":{"line":24,"column":null}},{"start":{"line":24,"column":31},"end":{"line":24,"column":44}}]},"2":{"loc":{"start":{"line":25,"column":7},"end":{"line":25,"column":null}},"type":"cond-expr","locations":[{"start":{"line":25,"column":14},"end":{"line":25,"column":null}},{"start":{"line":25,"column":14},"end":{"line":25,"column":null}}]},"3":{"loc":{"start":{"line":25,"column":7},"end":{"line":25,"column":14}},"type":"binary-expr","locations":[{"start":{"line":25,"column":7},"end":{"line":25,"column":null}},{"start":{"line":25,"column":7},"end":{"line":25,"column":14}}]},"4":{"loc":{"start":{"line":31,"column":24},"end":{"line":31,"column":null}},"type":"cond-expr","locations":[{"start":{"line":31,"column":41},"end":{"line":31,"column":null}},{"start":{"line":31,"column":41},"end":{"line":31,"column":null}}]},"5":{"loc":{"start":{"line":31,"column":24},"end":{"line":31,"column":41}},"type":"binary-expr","locations":[{"start":{"line":31,"column":24},"end":{"line":31,"column":null}},{"start":{"line":31,"column":24},"end":{"line":31,"column":41}}]},"6":{"loc":{"start":{"line":32,"column":7},"end":{"line":32,"column":null}},"type":"cond-expr","locations":[{"start":{"line":32,"column":14},"end":{"line":32,"column":null}},{"start":{"line":32,"column":14},"end":{"line":32,"column":null}}]},"7":{"loc":{"start":{"line":32,"column":7},"end":{"line":32,"column":14}},"type":"binary-expr","locations":[{"start":{"line":32,"column":7},"end":{"line":32,"column":null}},{"start":{"line":32,"column":7},"end":{"line":32,"column":14}}]},"8":{"loc":{"start":{"line":19,"column":39},"end":{"line":19,"column":null}},"type":"cond-expr","locations":[{"start":{"line":19,"column":51},"end":{"line":19,"column":null}},{"start":{"line":19,"column":51},"end":{"line":19,"column":null}}]},"9":{"loc":{"start":{"line":19,"column":39},"end":{"line":19,"column":51}},"type":"binary-expr","locations":[{"start":{"line":19,"column":39},"end":{"line":19,"column":null}},{"start":{"line":19,"column":39},"end":{"line":19,"column":51}}]}},"s":{"0":0,"1":0,"2":0,"3":0,"4":0,"5":0,"6":0,"7":0,"8":0,"9":0,"10":0,"11":0},"f":{"0":0,"1":0,"2":0},"b":{"0":[0,0],"1":[0,0],"2":[0,0],"3":[0,0],"4":[0,0],"5":[0,0],"6":[0,0],"7":[0,0],"8":[0,0],"9":[0,0]}}
,"C:\\xampp\\htdocs\\WenLock-Test\\backend\\src\\users\\users.module.ts": {"path":"C:\\xampp\\htdocs\\WenLock-Test\\backend\\src\\users\\users.module.ts","statementMap":{"0":{"start":{"line":1,"column":0},"end":{"line":1,"column":40}},"1":{"start":{"line":2,"column":0},"end":{"line":2,"column":48}},"2":{"start":{"line":4,"column":0},"end":{"line":4,"column":46}},"3":{"start":{"line":5,"column":0},"end":{"line":5,"column":53}},"4":{"start":{"line":6,"column":0},"end":{"line":6,"column":47}},"5":{"start":{"line":19,"column":7},"end":{"line":19,"column":null}},"6":{"start":{"line":19,"column":13},"end":{"line":19,"column":24}},"7":{"start":{"line":19,"column":13},"end":{"line":19,"column":null}}},"fnMap":{},"branchMap":{},"s":{"0":0,"1":0,"2":0,"3":0,"4":0,"5":0,"6":0,"7":0},"f":{},"b":{}}
,"C:\\xampp\\htdocs\\WenLock-Test\\backend\\src\\users\\users.service.ts": {"path":"C:\\xampp\\htdocs\\WenLock-Test\\backend\\src\\users\\users.service.ts","statementMap":{"0":{"start":{"line":1,"column":0},"end":{"line":1,"column":null}},"1":{"start":{"line":5,"column":0},"end":{"line":5,"column":51}},"2":{"start":{"line":6,"column":0},"end":{"line":6,"column":30}},"3":{"start":{"line":7,"column":0},"end":{"line":7,"column":null}},"4":{"start":{"line":13,"column":0},"end":{"line":13,"column":58}},"5":{"start":{"line":16,"column":0},"end":{"line":16,"column":46}},"6":{"start":{"line":20,"column":49},"end":{"line":20,"column":51}},"7":{"start":{"line":24,"column":21},"end":{"line":24,"column":38}},"8":{"start":{"line":28,"column":25},"end":{"line":33,"column":6}},"9":{"start":{"line":35,"column":4},"end":{"line":41,"column":5}},"10":{"start":{"line":36,"column":6},"end":{"line":38,"column":7}},"11":{"start":{"line":37,"column":8},"end":{"line":37,"column":60}},"12":{"start":{"line":40,"column":6},"end":{"line":40,"column":61}},"13":{"start":{"line":43,"column":25},"end":{"line":45,"column":null}},"14":{"start":{"line":48,"column":17},"end":{"line":53,"column":6}},"15":{"start":{"line":55,"column":4},"end":{"line":67,"column":5}},"16":{"start":{"line":56,"column":24},"end":{"line":56,"column":61}},"17":{"start":{"line":58,"column":6},"end":{"line":58,"column":51}},"18":{"start":{"line":60,"column":6},"end":{"line":64,"column":7}},"19":{"start":{"line":61,"column":8},"end":{"line":63,"column":10}},"20":{"start":{"line":66,"column":6},"end":{"line":66,"column":18}},"21":{"start":{"line":73,"column":34},"end":{"line":73,"column":39}},"22":{"start":{"line":75,"column":25},"end":{"line":76,"column":33}},"23":{"start":{"line":78,"column":4},"end":{"line":85,"column":5}},"24":{"start":{"line":79,"column":6},"end":{"line":84,"column":8}},"25":{"start":{"line":87,"column":4},"end":{"line":91,"column":19}},"26":{"start":{"line":94,"column":6},"end":{"line":94,"column":42}},"27":{"start":{"line":96,"column":4},"end":{"line":107,"column":6}},"28":{"start":{"line":98,"column":8},"end":{"line":98,"column":40}},"29":{"start":{"line":111,"column":4},"end":{"line":113,"column":5}},"30":{"start":{"line":112,"column":6},"end":{"line":112,"column":19}},"31":{"start":{"line":115,"column":24},"end":{"line":115,"column":null}},"32":{"start":{"line":119,"column":4},"end":{"line":119,"column":48}},"33":{"start":{"line":19,"column":13},"end":{"line":19,"column":25}},"34":{"start":{"line":19,"column":13},"end":{"line":121,"column":null}}},"fnMap":{"0":{"name":"(anonymous_4)","decl":{"start":{"line":22,"column":2},"end":{"line":22,"column":null}},"loc":{"start":{"line":24,"column":54},"end":{"line":25,"column":7}}},"1":{"name":"(anonymous_5)","decl":{"start":{"line":27,"column":2},"end":{"line":27,"column":7}},"loc":{"start":{"line":27,"column":43},"end":{"line":68,"column":3}}},"2":{"name":"(anonymous_6)","decl":{"start":{"line":70,"column":2},"end":{"line":70,"column":7}},"loc":{"start":{"line":71,"column":28},"end":{"line":108,"column":3}}},"3":{"name":"(anonymous_7)","decl":{"start":{"line":97,"column":22},"end":{"line":97,"column":23}},"loc":{"start":{"line":98,"column":8},"end":{"line":98,"column":40}}},"4":{"name":"(anonymous_8)","decl":{"start":{"line":110,"column":10},"end":{"line":110,"column":31}},"loc":{"start":{"line":110,"column":46},"end":{"line":120,"column":3}}}},"branchMap":{"0":{"loc":{"start":{"line":35,"column":4},"end":{"line":41,"column":5}},"type":"if","locations":[{"start":{"line":35,"column":4},"end":{"line":41,"column":5}},{"start":{},"end":{}}]},"1":{"loc":{"start":{"line":36,"column":6},"end":{"line":38,"column":7}},"type":"if","locations":[{"start":{"line":36,"column":6},"end":{"line":38,"column":7}},{"start":{},"end":{}}]},"2":{"loc":{"start":{"line":60,"column":6},"end":{"line":64,"column":7}},"type":"if","locations":[{"start":{"line":60,"column":6},"end":{"line":64,"column":7}},{"start":{},"end":{}}]},"3":{"loc":{"start":{"line":78,"column":4},"end":{"line":85,"column":5}},"type":"if","locations":[{"start":{"line":78,"column":4},"end":{"line":85,"column":5}},{"start":{},"end":{}}]},"4":{"loc":{"start":{"line":111,"column":4},"end":{"line":113,"column":5}},"type":"if","locations":[{"start":{"line":111,"column":4},"end":{"line":113,"column":5}},{"start":{},"end":{}}]},"5":{"loc":{"start":{"line":24,"column":38},"end":{"line":24,"column":54}},"type":"cond-expr","locations":[{"start":{"line":24,"column":48},"end":{"line":24,"column":54}},{"start":{"line":24,"column":48},"end":{"line":24,"column":54}}]},"6":{"loc":{"start":{"line":24,"column":38},"end":{"line":24,"column":48}},"type":"binary-expr","locations":[{"start":{"line":24,"column":38},"end":{"line":24,"column":54}},{"start":{"line":24,"column":38},"end":{"line":24,"column":48}}]}},"s":{"0":1,"1":1,"2":1,"3":1,"4":1,"5":1,"6":1,"7":9,"8":3,"9":3,"10":2,"11":1,"12":1,"13":1,"14":1,"15":1,"16":1,"17":1,"18":0,"19":0,"20":0,"21":6,"22":6,"23":6,"24":1,"25":6,"26":6,"27":6,"28":3,"29":0,"30":0,"31":0,"32":0,"33":1,"34":1},"f":{"0":9,"1":3,"2":6,"3":3,"4":0},"b":{"0":[2,1],"1":[1,1],"2":[0,0],"3":[1,5],"4":[0,0],"5":[1,0],"6":[1,1]}}
,"C:\\xampp\\htdocs\\WenLock-Test\\backend\\src\\users\\dto\\create-user.dto.ts": {"path":"C:\\xampp\\htdocs\\WenLock-Test\\backend\\src\\users\\dto\\create-user.dto.ts","statementMap":{"0":{"start":{"line":1,"column":0},"end":{"line":1,"column":46}},"1":{"start":{"line":2,"column":0},"end":{"line":2,"column":null}},"2":{"start":{"line":11,"column":0},"end":{"line":11,"column":13}},"3":{"start":{"line":21,"column":4},"end":{"line":21,"column":null}},"4":{"start":{"line":13,"column":8},"end":{"line":13,"column":56}},"5":{"start":{"line":30,"column":4},"end":{"line":30,"column":null}},"6":{"start":{"line":24,"column":8},"end":{"line":24,"column":70}},"7":{"start":{"line":41,"column":4},"end":{"line":41,"column":null}},"8":{"start":{"line":33,"column":8},"end":{"line":33,"column":56}},"9":{"start":{"line":50,"column":4},"end":{"line":50,"column":null}}},"fnMap":{"0":{"name":"(anonymous_2)","decl":{"start":{"line":12,"column":15},"end":{"line":12,"column":16}},"loc":{"start":{"line":13,"column":8},"end":{"line":13,"column":56}}},"1":{"name":"(anonymous_3)","decl":{"start":{"line":23,"column":15},"end":{"line":23,"column":16}},"loc":{"start":{"line":24,"column":8},"end":{"line":24,"column":70}}},"2":{"name":"(anonymous_4)","decl":{"start":{"line":32,"column":15},"end":{"line":32,"column":16}},"loc":{"start":{"line":33,"column":8},"end":{"line":33,"column":56}}}},"branchMap":{"0":{"loc":{"start":{"line":13,"column":8},"end":{"line":13,"column":56}},"type":"cond-expr","locations":[{"start":{"line":13,"column":36},"end":{"line":13,"column":48}},{"start":{"line":13,"column":51},"end":{"line":13,"column":56}}]},"1":{"loc":{"start":{"line":24,"column":8},"end":{"line":24,"column":70}},"type":"cond-expr","locations":[{"start":{"line":24,"column":36},"end":{"line":24,"column":62}},{"start":{"line":24,"column":65},"end":{"line":24,"column":70}}]},"2":{"loc":{"start":{"line":33,"column":8},"end":{"line":33,"column":56}},"type":"cond-expr","locations":[{"start":{"line":33,"column":36},"end":{"line":33,"column":48}},{"start":{"line":33,"column":51},"end":{"line":33,"column":56}}]}},"s":{"0":1,"1":1,"2":1,"3":1,"4":7,"5":1,"6":7,"7":1,"8":7,"9":1},"f":{"0":7,"1":7,"2":7},"b":{"0":[7,0],"1":[7,0],"2":[7,0]}}
,"C:\\xampp\\htdocs\\WenLock-Test\\backend\\src\\users\\dto\\find-users-query.dto.ts": {"path":"C:\\xampp\\htdocs\\WenLock-Test\\backend\\src\\users\\dto\\find-users-query.dto.ts","statementMap":{"0":{"start":{"line":1,"column":0},"end":{"line":1,"column":52}},"1":{"start":{"line":2,"column":0},"end":{"line":2,"column":null}},"2":{"start":{"line":15,"column":19},"end":{"line":15,"column":20}},"3":{"start":{"line":21,"column":20},"end":{"line":21,"column":22}},"4":{"start":{"line":11,"column":0},"end":{"line":11,"column":13}},"5":{"start":{"line":15,"column":4},"end":{"line":15,"column":null}},"6":{"start":{"line":12,"column":16},"end":{"line":12,"column":22}},"7":{"start":{"line":21,"column":4},"end":{"line":21,"column":null}},"8":{"start":{"line":17,"column":16},"end":{"line":17,"column":22}},"9":{"start":{"line":35,"column":4},"end":{"line":35,"column":null}},"10":{"start":{"line":24,"column":8},"end":{"line":26,"column":9}},"11":{"start":{"line":25,"column":12},"end":{"line":25,"column":25}},"12":{"start":{"line":28,"column":29},"end":{"line":28,"column":41}},"13":{"start":{"line":30,"column":8},"end":{"line":30,"column":62}}},"fnMap":{"0":{"name":"(anonymous_2)","decl":{"start":{"line":12,"column":10},"end":{"line":12,"column":13}},"loc":{"start":{"line":12,"column":16},"end":{"line":12,"column":22}}},"1":{"name":"(anonymous_3)","decl":{"start":{"line":17,"column":10},"end":{"line":17,"column":13}},"loc":{"start":{"line":17,"column":16},"end":{"line":17,"column":22}}},"2":{"name":"(anonymous_4)","decl":{"start":{"line":23,"column":15},"end":{"line":23,"column":16}},"loc":{"start":{"line":23,"column":29},"end":{"line":31,"column":5}}}},"branchMap":{"0":{"loc":{"start":{"line":24,"column":8},"end":{"line":26,"column":9}},"type":"if","locations":[{"start":{"line":24,"column":8},"end":{"line":26,"column":9}},{"start":{},"end":{}}]},"1":{"loc":{"start":{"line":30,"column":15},"end":{"line":30,"column":61}},"type":"cond-expr","locations":[{"start":{"line":30,"column":37},"end":{"line":30,"column":46}},{"start":{"line":30,"column":49},"end":{"line":30,"column":61}}]}},"s":{"0":1,"1":1,"2":7,"3":7,"4":1,"5":1,"6":3,"7":1,"8":3,"9":1,"10":2,"11":0,"12":2,"13":2},"f":{"0":3,"1":3,"2":2},"b":{"0":[0,2],"1":[1,1]}}
,"C:\\xampp\\htdocs\\WenLock-Test\\backend\\src\\users\\dto\\paginated-users-response.dto.ts": {"path":"C:\\xampp\\htdocs\\WenLock-Test\\backend\\src\\users\\dto\\paginated-users-response.dto.ts","statementMap":{"0":{"start":{"line":3,"column":0},"end":{"line":3,"column":13}},"1":{"start":{"line":10,"column":0},"end":{"line":10,"column":13}}},"fnMap":{},"branchMap":{},"s":{"0":0,"1":0},"f":{},"b":{}}
,"C:\\xampp\\htdocs\\WenLock-Test\\backend\\src\\users\\dto\\user-response.dto.ts": {"path":"C:\\xampp\\htdocs\\WenLock-Test\\backend\\src\\users\\dto\\user-response.dto.ts","statementMap":{"0":{"start":{"line":12,"column":8},"end":{"line":19,"column":10}},"1":{"start":{"line":3,"column":0},"end":{"line":3,"column":13}}},"fnMap":{"0":{"name":"(anonymous_0)","decl":{"start":{"line":11,"column":4},"end":{"line":11,"column":10}},"loc":{"start":{"line":11,"column":32},"end":{"line":20,"column":5}}}},"branchMap":{},"s":{"0":4,"1":1},"f":{"0":4},"b":{}}
,"C:\\xampp\\htdocs\\WenLock-Test\\backend\\src\\users\\entities\\user.entity.ts": {"path":"C:\\xampp\\htdocs\\WenLock-Test\\backend\\src\\users\\entities\\user.entity.ts","statementMap":{"0":{"start":{"line":1,"column":0},"end":{"line":1,"column":null}},"1":{"start":{"line":10,"column":7},"end":{"line":56,"column":null}},"2":{"start":{"line":10,"column":13},"end":{"line":10,"column":17}},"3":{"start":{"line":15,"column":4},"end":{"line":15,"column":null}},"4":{"start":{"line":21,"column":4},"end":{"line":21,"column":null}},"5":{"start":{"line":28,"column":4},"end":{"line":28,"column":null}},"6":{"start":{"line":35,"column":4},"end":{"line":35,"column":null}},"7":{"start":{"line":43,"column":4},"end":{"line":43,"column":null}},"8":{"start":{"line":49,"column":4},"end":{"line":49,"column":null}},"9":{"start":{"line":55,"column":4},"end":{"line":55,"column":null}},"10":{"start":{"line":10,"column":13},"end":{"line":56,"column":null}}},"fnMap":{},"branchMap":{"0":{"loc":{"start":{"line":49,"column":15},"end":{"line":49,"column":20}},"type":"cond-expr","locations":[{"start":{"line":49,"column":19},"end":{"line":49,"column":20}},{"start":{"line":49,"column":19},"end":{"line":49,"column":20}}]},"1":{"loc":{"start":{"line":49,"column":15},"end":{"line":49,"column":19}},"type":"binary-expr","locations":[{"start":{"line":49,"column":15},"end":{"line":49,"column":20}},{"start":{"line":49,"column":15},"end":{"line":49,"column":19}}]},"2":{"loc":{"start":{"line":55,"column":15},"end":{"line":55,"column":20}},"type":"cond-expr","locations":[{"start":{"line":55,"column":19},"end":{"line":55,"column":20}},{"start":{"line":55,"column":19},"end":{"line":55,"column":20}}]},"3":{"loc":{"start":{"line":55,"column":15},"end":{"line":55,"column":19}},"type":"binary-expr","locations":[{"start":{"line":55,"column":15},"end":{"line":55,"column":20}},{"start":{"line":55,"column":15},"end":{"line":55,"column":19}}]}},"s":{"0":1,"1":1,"2":1,"3":1,"4":1,"5":1,"6":1,"7":1,"8":1,"9":1,"10":1},"f":{},"b":{"0":[1,0],"1":[1,1],"2":[1,0],"3":[1,1]}}
}
