TN:
SF:src\app.controller.ts
FN:6,(anonymous_2)
FN:9,(anonymous_3)
FNF:2
FNH:2
FNDA:1,(anonymous_2)
FNDA:1,(anonymous_3)
DA:1,1
DA:2,1
DA:5,1
DA:6,1
DA:9,1
DA:10,1
LF:6
LH:6
BRDA:6,0,0,1
BRDA:6,0,1,0
BRDA:6,1,0,1
BRDA:6,1,1,1
BRF:4
BRH:3
end_of_record
TN:
SF:src\app.module.ts
FN:29,(anonymous_10)
FNF:1
FNH:0
FNDA:0,(anonymous_10)
DA:1,0
DA:2,0
DA:3,0
DA:4,0
DA:6,0
DA:7,0
DA:8,0
DA:29,0
DA:51,0
LF:9
LH:0
BRF:0
BRH:0
end_of_record
TN:
SF:src\app.service.ts
FN:5,(anonymous_1)
FNF:1
FNH:1
FNDA:1,(anonymous_1)
DA:1,1
DA:4,1
DA:6,1
LF:3
LH:3
BRF:0
BRH:0
end_of_record
TN:
SF:src\main.ts
FN:9,bootstrap
FNF:1
FNH:0
FNDA:0,bootstrap
DA:1,0
DA:4,0
DA:5,0
DA:7,0
DA:10,0
DA:12,0
DA:14,0
DA:22,0
DA:23,0
DA:25,0
DA:28,0
LF:11
LH:0
BRF:0
BRH:0
end_of_record
TN:
SF:src\database\data-source.ts
FNF:0
FNH:0
DA:1,0
DA:2,0
DA:4,0
DA:6,0
LF:4
LH:0
BRDA:10,0,0,0
BRDA:10,0,1,0
BRF:2
BRH:0
end_of_record
TN:
SF:src\database\migrations\1788200265635-CreateUsersTable.ts
FN:6,(anonymous_0)
FN:10,(anonymous_1)
FNF:2
FNH:0
FNDA:0,(anonymous_0)
FNDA:0,(anonymous_1)
DA:3,0
DA:4,0
DA:7,0
DA:11,0
DA:12,0
DA:13,0
LF:6
LH:0
BRF:0
BRH:0
end_of_record
TN:
SF:src\users\users.controller.ts
FN:18,(anonymous_4)
FN:23,(anonymous_5)
FN:30,(anonymous_6)
FNF:3
FNH:0
FNDA:0,(anonymous_4)
FNDA:0,(anonymous_5)
FNDA:0,(anonymous_6)
DA:1,0
DA:9,0
DA:11,0
DA:14,0
DA:17,0
DA:19,0
DA:23,0
DA:26,0
DA:30,0
DA:33,0
LF:10
LH:0
BRDA:24,0,0,0
BRDA:24,0,1,0
BRDA:24,1,0,0
BRDA:24,1,1,0
BRDA:25,2,0,0
BRDA:25,2,1,0
BRDA:25,3,0,0
BRDA:25,3,1,0
BRDA:31,4,0,0
BRDA:31,4,1,0
BRDA:31,5,0,0
BRDA:31,5,1,0
BRDA:32,6,0,0
BRDA:32,6,1,0
BRDA:32,7,0,0
BRDA:32,7,1,0
BRDA:19,8,0,0
BRDA:19,8,1,0
BRDA:19,9,0,0
BRDA:19,9,1,0
BRF:20
BRH:0
end_of_record
TN:
SF:src\users\users.module.ts
FNF:0
FNH:0
DA:1,0
DA:2,0
DA:4,0
DA:5,0
DA:6,0
DA:19,0
LF:6
LH:0
BRF:0
BRH:0
end_of_record
TN:
SF:src\users\users.service.ts
FN:22,(anonymous_4)
FN:27,(anonymous_5)
FN:70,(anonymous_6)
FN:97,(anonymous_7)
FN:110,(anonymous_8)
FNF:5
FNH:4
FNDA:9,(anonymous_4)
FNDA:3,(anonymous_5)
FNDA:6,(anonymous_6)
FNDA:3,(anonymous_7)
FNDA:0,(anonymous_8)
DA:1,1
DA:5,1
DA:6,1
DA:7,1
DA:13,1
DA:16,1
DA:19,1
DA:20,1
DA:24,9
DA:28,3
DA:35,3
DA:36,2
DA:37,1
DA:40,1
DA:43,1
DA:48,1
DA:55,1
DA:56,1
DA:58,1
DA:60,0
DA:61,0
DA:66,0
DA:73,6
DA:75,6
DA:78,6
DA:79,1
DA:87,6
DA:94,6
DA:96,6
DA:98,3
DA:111,0
DA:112,0
DA:115,0
DA:119,0
LF:34
LH:27
BRDA:35,0,0,2
BRDA:35,0,1,1
BRDA:36,1,0,1
BRDA:36,1,1,1
BRDA:60,2,0,0
BRDA:60,2,1,0
BRDA:78,3,0,1
BRDA:78,3,1,5
BRDA:111,4,0,0
BRDA:111,4,1,0
BRDA:24,5,0,1
BRDA:24,5,1,0
BRDA:24,6,0,1
BRDA:24,6,1,1
BRF:14
BRH:9
end_of_record
TN:
SF:src\users\dto\create-user.dto.ts
FN:12,(anonymous_2)
FN:23,(anonymous_3)
FN:32,(anonymous_4)
FNF:3
FNH:3
FNDA:7,(anonymous_2)
FNDA:7,(anonymous_3)
FNDA:7,(anonymous_4)
DA:1,1
DA:2,1
DA:11,1
DA:13,7
DA:21,1
DA:24,7
DA:30,1
DA:33,7
DA:41,1
DA:50,1
LF:10
LH:10
BRDA:13,0,0,7
BRDA:13,0,1,0
BRDA:24,1,0,7
BRDA:24,1,1,0
BRDA:33,2,0,7
BRDA:33,2,1,0
BRF:6
BRH:3
end_of_record
TN:
SF:src\users\dto\find-users-query.dto.ts
FN:12,(anonymous_2)
FN:17,(anonymous_3)
FN:23,(anonymous_4)
FNF:3
FNH:3
FNDA:3,(anonymous_2)
FNDA:3,(anonymous_3)
FNDA:2,(anonymous_4)
DA:1,1
DA:2,1
DA:11,1
DA:12,3
DA:15,7
DA:17,3
DA:21,7
DA:24,2
DA:25,0
DA:28,2
DA:30,2
DA:35,1
LF:12
LH:11
BRDA:24,0,0,0
BRDA:24,0,1,2
BRDA:30,1,0,1
BRDA:30,1,1,1
BRF:4
BRH:3
end_of_record
TN:
SF:src\users\dto\paginated-users-response.dto.ts
FNF:0
FNH:0
DA:3,0
DA:10,0
LF:2
LH:0
BRF:0
BRH:0
end_of_record
TN:
SF:src\users\dto\user-response.dto.ts
FN:11,(anonymous_0)
FNF:1
FNH:1
FNDA:4,(anonymous_0)
DA:3,1
DA:12,4
LF:2
LH:2
BRF:0
BRH:0
end_of_record
TN:
SF:src\users\entities\user.entity.ts
FNF:0
FNH:0
DA:1,1
DA:10,1
DA:15,1
DA:21,1
DA:28,1
DA:35,1
DA:43,1
DA:49,1
DA:55,1
LF:9
LH:9
BRDA:49,0,0,1
BRDA:49,0,1,0
BRDA:49,1,0,1
BRDA:49,1,1,1
BRDA:55,2,0,1
BRDA:55,2,1,0
BRDA:55,3,0,1
BRDA:55,3,1,1
BRF:8
BRH:6
end_of_record
